<?xml version="1.0" encoding="UTF-8"?>
<testng-results ignored="0" total="1" passed="1" failed="0" skipped="0">
  <reporter-output>
  </reporter-output>
  <suite started-at="2019-09-27T21:50:55 IST" name="Default suite" finished-at="2019-09-27T21:50:58 IST" duration-ms="2648">
    <groups>
    </groups>
    <test started-at="2019-09-27T21:50:55 IST" name="Default test" finished-at="2019-09-27T21:50:58 IST" duration-ms="2648">
      <class name="com.qa.restassured.test.PostConvertJsonToJavaObject">
        <test-method signature="postTest()[pri:0, instance:com.qa.restassured.test.PostConvertJsonToJavaObject@5a955565]" started-at="2019-09-27T21:50:55 IST" name="postTest" finished-at="2019-09-27T21:50:58 IST" duration-ms="2598" status="PASS">
          <reporter-output>
          </reporter-output>
        </test-method> <!-- postTest -->
      </class> <!-- com.qa.restassured.test.PostConvertJsonToJavaObject -->
    </test> <!-- Default test -->
  </suite> <!-- Default suite -->
</testng-results>
