<?xml version="1.0" encoding="UTF-8"?>
<testng-results ignored="0" total="1" passed="1" failed="0" skipped="0">
  <reporter-output>
  </reporter-output>
  <suite started-at="2020-01-27T21:47:46 IST" name="Default suite" finished-at="2020-01-27T21:47:52 IST" duration-ms="5690">
    <groups>
    </groups>
    <test started-at="2020-01-27T21:47:46 IST" name="Default test" finished-at="2020-01-27T21:47:52 IST" duration-ms="5690">
      <class name="com.qa.test.PostUserInfo">
        <test-method signature="createUser()[pri:0, instance:com.qa.test.PostUserInfo@2a32de6c]" started-at="2020-01-27T21:47:46 IST" name="createUser" finished-at="2020-01-27T21:47:52 IST" duration-ms="5626" status="PASS">
          <reporter-output>
          </reporter-output>
        </test-method> <!-- createUser -->
      </class> <!-- com.qa.test.PostUserInfo -->
    </test> <!-- Default test -->
  </suite> <!-- Default suite -->
</testng-results>
